<?xml version="1.0" encoding="UTF-8"?>
<!-- Generated by org.testng.reporters.JUnitReportReporter -->
<testsuite hostname="Kavin" failures="0" tests="1" name="flipkart.TestExecution" time="4.644" errors="0" timestamp="2025-02-18T11:49:10 IST" skipped="0">
  <testcase classname="flipkart.TestExecution" name="addToCart" time="4.644"/>
</testsuite> <!-- flipkart.TestExecution -->
