<?xml version="1.0" encoding="UTF-8"?>
<!-- Generated by org.testng.reporters.JUnitReportReporter -->
<testsuite hostname="Kavin" failures="0" tests="1" name="tests.AddtoCartTest" time="10.874" errors="0" timestamp="2025-02-18T11:59:34 IST" skipped="0">
  <testcase classname="tests.AddtoCartTest" name="addToCart" time="10.874"/>
</testsuite> <!-- tests.AddtoCartTest -->
